<?xml version="1.0" encoding="UTF-8"?>
<!-- Generated by org.testng.reporters.JUnitReportReporter -->
<testsuite hostname="LAPTOP-027GD316" name="basics" tests="1" failures="0" timestamp="27 Jul 2020 03:35:19 GMT" time="10.683" errors="0">
  <testcase name="Loin" time="10.683" classname="basics"/>
</testsuite> <!-- basics -->
